00:00:00.002682 main     VirtualBox XPCOM Server 7.0.8 r156879 linux.amd64 (Apr 18 2023 21:36:31) release log
00:00:00.002686 main     Log opened 2023-04-30T09:19:30.952739000Z
00:00:00.002687 main     Build Type: release
00:00:00.002690 main     OS Product: Linux
00:00:00.002691 main     OS Release: 6.2.13-arch1-1
00:00:00.002692 main     OS Version: #1 SMP PREEMPT_DYNAMIC Wed, 26 Apr 2023 20:50:14 +0000
00:00:00.002719 main     DMI Product Name: HP Spectre x360 Convertible 13-aw0xxx
00:00:00.002729 main     DMI Product Version: 
00:00:00.002744 main     Firmware type: UEFI
00:00:00.003153 main     Secure Boot: Disabled
00:00:00.003217 main     Host RAM: 15674MB (15.3GB) total, 13871MB (13.5GB) available
00:00:00.003222 main     Executable: /usr/lib/virtualbox/VBoxSVC
00:00:00.003223 main     Process ID: 3666
00:00:00.003223 main     Package type: LINUX_64BITS_GENERIC (OSE)
00:00:00.005859 main     IPC socket path: /tmp/.vbox-ghertel-ipc/ipcd
00:00:00.119189 nspr-2   VirtualBox: object creation starts
00:00:00.121940 nspr-2   Home directory: '/home/ghertel/.config/VirtualBox'
00:00:00.122297 nspr-2   Loading settings file "/home/ghertel/.config/VirtualBox/VirtualBox.xml" with version "1.12-linux"
00:00:00.132174 nspr-2   USB: Unknown USB device detected (idVendor: 0x06cb, idProduct: 0x00c9)
00:00:00.132217 nspr-2   USB: Unknown USB device detected (idVendor: 0x8087, idProduct: 0x0026)
00:00:00.132445 nspr-2   Successfully initialised host USB using sysfs
00:00:00.149636 nspr-2   NetIfAdpCtlOut: VBoxNetAdpCtl: Error while retrieving link speed for wlan0: VBoxNetAdpCtl: ioctl failed: Operation not supported
00:00:00.152012 nspr-2   HostDnsMonitor: initializing
00:00:00.152291 nspr-2   NAT: resolv.conf: nameserver 141.57.1.94
00:00:00.152307 nspr-2   NAT: resolv.conf: nameserver 141.57.1.6
00:00:00.152318 nspr-2   HostDnsMonitor: updating information
00:00:00.152336 nspr-2   HostDnsMonitor: old information
00:00:00.152339 nspr-2     no server entries
00:00:00.152342 nspr-2     no domain set
00:00:00.152344 nspr-2     no search string entries
00:00:00.152347 nspr-2   HostDnsMonitor: new information
00:00:00.152349 nspr-2     server 1: 141.57.1.94
00:00:00.152365 nspr-2     server 2: 141.57.1.6
00:00:00.152368 nspr-2     domain: htwk-leipzig.de
00:00:00.152371 nspr-2     search string 1: htwk-leipzig.de
00:00:00.158963 nspr-2   VD: VDInit finished with VINF_SUCCESS
00:00:00.159987 nspr-2   ERROR [COM]: aRC=NS_ERROR_FAILURE (0x80004005) aIID={aac6c7cb-a371-4c58-ab51-0616896b2f2c} aComponent={SystemPropertiesWrap} aText={Cannot determine default Guest Additions ISO location. Most likely they are not available}, preserve=false aResultDetail=0
00:00:00.165990 nspr-2   Loading settings file "/home/ghertel/dev/kali-linux-2023.1-virtualbox-amd64/kali-linux-2023.1-virtualbox-amd64.vbox" with version "1.19-linux"
00:00:00.169162 nspr-2   Loading settings file "/home/ghertel/VirtualBox VMs/csec/csec.vbox" with version "1.19-linux"
00:00:00.170193 nspr-2   VirtualBox: object created
00:00:00.742742 nspr-3   NetIfAdpCtlOut: VBoxNetAdpCtl: Error while retrieving link speed for wlan0: VBoxNetAdpCtl: ioctl failed: Operation not supported
00:00:00.818369 nspr-2   ERROR [COM]: aRC=VBOX_E_INVALID_VM_STATE (0x80bb0002) aIID={300763af-5d6b-46e6-aa96-273eac15538a} aComponent={MachineWrap} aText={The machine is not mutable (state is PoweredOff)}, preserve=false aResultDetail=0
00:00:05.426454 nspr-4   Launched VM: 469771056 pid: 3710 (0xe7e) frontend: GUI/Qt name: csec
00:00:05.445594 nspr-5   ERROR [COM]: aRC=VBOX_E_INVALID_VM_STATE (0x80bb0002) aIID={300763af-5d6b-46e6-aa96-273eac15538a} aComponent={MachineWrap} aText={The machine is not mutable (state is PoweredOff)}, preserve=false aResultDetail=0
00:00:05.630244 nspr-6   ERROR [COM]: aRC=VBOX_E_INVALID_VM_STATE (0x80bb0002) aIID={300763af-5d6b-46e6-aa96-273eac15538a} aComponent={MachineWrap} aText={The machine is not mutable (state is PoweredOff)}, preserve=false aResultDetail=0
00:00:06.032971 nspr-2   ERROR [COM]: aRC=VBOX_E_OBJECT_NOT_FOUND (0x80bb0001) aIID={70401eef-c8e9-466b-9660-45cb3e9979e4} aComponent={ExtPackManagerWrap} aText={No extension pack by the name 'Oracle VM VirtualBox Extension Pack' was found}, preserve=false aResultDetail=0
00:00:06.080534 nspr-4   ERROR [COM]: aRC=VBOX_E_IPRT_ERROR (0x80bb0005) aIID={300763af-5d6b-46e6-aa96-273eac15538a} aComponent={SessionMachine} aText={Saved screenshot data is not available (VERR_NOT_SUPPORTED)}, preserve=false aResultDetail=-37
00:00:06.104722 nspr-4   NetIfAdpCtlOut: VBoxNetAdpCtl: Error while retrieving link speed for wlan0: VBoxNetAdpCtl: ioctl failed: Operation not supported
00:00:06.138316 nspr-4   ERROR [COM]: aRC=VBOX_E_INVALID_VM_STATE (0x80bb0002) aIID={300763af-5d6b-46e6-aa96-273eac15538a} aComponent={MachineWrap} aText={The machine is not mutable (state is Starting)}, preserve=false aResultDetail=0
00:00:06.153282 nspr-4   NetworkServiceRunning: started 'VBoxNetDHCP', pid 00000ead
00:00:06.293693 nspr-6   ERROR [COM]: aRC=VBOX_E_OBJECT_NOT_FOUND (0x80bb0001) aIID={ad47ad09-787b-44ab-b343-a082a3f2dfb1} aComponent={MediumWrap} aText={Property 'CRYPT/KeyId' does not exist}, preserve=false aResultDetail=0
00:00:06.320976 nspr-6   ERROR [COM]: aRC=VBOX_E_INVALID_VM_STATE (0x80bb0002) aIID={300763af-5d6b-46e6-aa96-273eac15538a} aComponent={MachineWrap} aText={The machine is not mutable (state is Running)}, preserve=false aResultDetail=0
00:00:09.711137 nspr-5   Saving settings file "/home/ghertel/.config/VirtualBox/VirtualBox.xml" with version "1.12-linux"
00:00:09.714899 nspr-5   Finished saving settings file "/home/ghertel/.config/VirtualBox/VirtualBox.xml"
00:00:09.724147 nspr-9   ERROR [COM]: aRC=VBOX_E_INVALID_VM_STATE (0x80bb0002) aIID={300763af-5d6b-46e6-aa96-273eac15538a} aComponent={MachineWrap} aText={The machine is not mutable (state is PoweredOff)}, preserve=false aResultDetail=0
00:00:11.186963 nspr-6   Launched VM: 469780432 pid: 3789 (0xecd) frontend: GUI/Qt name: kali-linux-2023.1-virtualbox-amd64
00:00:11.201751 nspr-2   ERROR [COM]: aRC=VBOX_E_INVALID_VM_STATE (0x80bb0002) aIID={300763af-5d6b-46e6-aa96-273eac15538a} aComponent={MachineWrap} aText={The machine is not mutable (state is PoweredOff)}, preserve=false aResultDetail=0
00:00:11.361134 nspr-10  ERROR [COM]: aRC=VBOX_E_INVALID_VM_STATE (0x80bb0002) aIID={300763af-5d6b-46e6-aa96-273eac15538a} aComponent={MachineWrap} aText={The machine is not mutable (state is PoweredOff)}, preserve=false aResultDetail=0
00:00:11.746116 nspr-4   ERROR [COM]: aRC=VBOX_E_OBJECT_NOT_FOUND (0x80bb0001) aIID={70401eef-c8e9-466b-9660-45cb3e9979e4} aComponent={ExtPackManagerWrap} aText={No extension pack by the name 'Oracle VM VirtualBox Extension Pack' was found}, preserve=false aResultDetail=0
00:00:11.786174 nspr-4   ERROR [COM]: aRC=VBOX_E_IPRT_ERROR (0x80bb0005) aIID={300763af-5d6b-46e6-aa96-273eac15538a} aComponent={SessionMachine} aText={Saved screenshot data is not available (VERR_NOT_SUPPORTED)}, preserve=false aResultDetail=-37
00:00:11.815426 nspr-4   NetIfAdpCtlOut: VBoxNetAdpCtl: Error while retrieving link speed for wlan0: VBoxNetAdpCtl: ioctl failed: Operation not supported
00:00:11.843799 nspr-8   ERROR [COM]: aRC=VBOX_E_INVALID_VM_STATE (0x80bb0002) aIID={300763af-5d6b-46e6-aa96-273eac15538a} aComponent={MachineWrap} aText={The machine is not mutable (state is Starting)}, preserve=false aResultDetail=0
00:00:11.846088 nspr-2   ERROR [COM]: aRC=VBOX_E_OBJECT_IN_USE (0x80bb000c) aIID={cadef0a2-a1a9-4ac2-8e80-c049af69dac8} aComponent={DHCPServerWrap} aText={Cannot start DHCP server because it is already running (pid 00000ead)}, preserve=false aResultDetail=-51
00:00:11.973515 nspr-2   ERROR [COM]: aRC=VBOX_E_OBJECT_NOT_FOUND (0x80bb0001) aIID={ad47ad09-787b-44ab-b343-a082a3f2dfb1} aComponent={MediumWrap} aText={Property 'CRYPT/KeyId' does not exist}, preserve=false aResultDetail=0
00:00:11.995950 nspr-2   ERROR [COM]: aRC=VBOX_E_INVALID_VM_STATE (0x80bb0002) aIID={300763af-5d6b-46e6-aa96-273eac15538a} aComponent={MachineWrap} aText={The machine is not mutable (state is Running)}, preserve=false aResultDetail=0
00:00:12.356338 nspr-10  Saving settings file "/home/ghertel/dev/kali-linux-2023.1-virtualbox-amd64/kali-linux-2023.1-virtualbox-amd64.vbox" with version "1.19-linux"
00:00:12.361426 nspr-10  Finished saving settings file "/home/ghertel/dev/kali-linux-2023.1-virtualbox-amd64/kali-linux-2023.1-virtualbox-amd64.vbox"
00:00:12.368513 nspr-3   ERROR [COM]: aRC=VBOX_E_INVALID_VM_STATE (0x80bb0002) aIID={300763af-5d6b-46e6-aa96-273eac15538a} aComponent={MachineWrap} aText={The machine is not mutable (state is Running)}, preserve=false aResultDetail=0
00:00:14.817496 nspr-4   Saving settings file "/home/ghertel/dev/kali-linux-2023.1-virtualbox-amd64/kali-linux-2023.1-virtualbox-amd64.vbox" with version "1.19-linux"
00:00:14.821801 nspr-4   Finished saving settings file "/home/ghertel/dev/kali-linux-2023.1-virtualbox-amd64/kali-linux-2023.1-virtualbox-amd64.vbox"
00:00:14.833774 nspr-3   ERROR [COM]: aRC=VBOX_E_INVALID_VM_STATE (0x80bb0002) aIID={300763af-5d6b-46e6-aa96-273eac15538a} aComponent={MachineWrap} aText={The machine is not mutable (state is Running)}, preserve=false aResultDetail=0
00:00:15.656394 nspr-9   Saving settings file "/home/ghertel/dev/kali-linux-2023.1-virtualbox-amd64/kali-linux-2023.1-virtualbox-amd64.vbox" with version "1.19-linux"
00:00:15.660795 nspr-9   Finished saving settings file "/home/ghertel/dev/kali-linux-2023.1-virtualbox-amd64/kali-linux-2023.1-virtualbox-amd64.vbox"
00:00:15.669977 nspr-3   ERROR [COM]: aRC=VBOX_E_INVALID_VM_STATE (0x80bb0002) aIID={300763af-5d6b-46e6-aa96-273eac15538a} aComponent={MachineWrap} aText={The machine is not mutable (state is Running)}, preserve=false aResultDetail=0
00:00:21.033292 nspr-9   Saving settings file "/home/ghertel/dev/kali-linux-2023.1-virtualbox-amd64/kali-linux-2023.1-virtualbox-amd64.vbox" with version "1.19-linux"
00:00:21.038299 nspr-9   Finished saving settings file "/home/ghertel/dev/kali-linux-2023.1-virtualbox-amd64/kali-linux-2023.1-virtualbox-amd64.vbox"
00:00:21.047654 nspr-6   ERROR [COM]: aRC=VBOX_E_INVALID_VM_STATE (0x80bb0002) aIID={300763af-5d6b-46e6-aa96-273eac15538a} aComponent={MachineWrap} aText={The machine is not mutable (state is Running)}, preserve=false aResultDetail=0
00:01:13.211975 nspr-10  Saving settings file "/home/ghertel/dev/kali-linux-2023.1-virtualbox-amd64/kali-linux-2023.1-virtualbox-amd64.vbox" with version "1.19-linux"
00:01:13.216556 nspr-10  Finished saving settings file "/home/ghertel/dev/kali-linux-2023.1-virtualbox-amd64/kali-linux-2023.1-virtualbox-amd64.vbox"
00:01:13.226983 nspr-6   ERROR [COM]: aRC=VBOX_E_INVALID_VM_STATE (0x80bb0002) aIID={300763af-5d6b-46e6-aa96-273eac15538a} aComponent={MachineWrap} aText={The machine is not mutable (state is Running)}, preserve=false aResultDetail=0
00:01:13.321351 nspr-6   Saving settings file "/home/ghertel/dev/kali-linux-2023.1-virtualbox-amd64/kali-linux-2023.1-virtualbox-amd64.vbox" with version "1.19-linux"
00:01:13.325413 nspr-6   Finished saving settings file "/home/ghertel/dev/kali-linux-2023.1-virtualbox-amd64/kali-linux-2023.1-virtualbox-amd64.vbox"
00:01:13.334281 nspr-9   ERROR [COM]: aRC=VBOX_E_INVALID_VM_STATE (0x80bb0002) aIID={300763af-5d6b-46e6-aa96-273eac15538a} aComponent={MachineWrap} aText={The machine is not mutable (state is Running)}, preserve=false aResultDetail=0
00:01:14.163768 nspr-3   Saving settings file "/home/ghertel/dev/kali-linux-2023.1-virtualbox-amd64/kali-linux-2023.1-virtualbox-amd64.vbox" with version "1.19-linux"
00:01:14.168105 nspr-3   Finished saving settings file "/home/ghertel/dev/kali-linux-2023.1-virtualbox-amd64/kali-linux-2023.1-virtualbox-amd64.vbox"
00:01:14.172134 nspr-2   Saving settings file "/home/ghertel/dev/kali-linux-2023.1-virtualbox-amd64/kali-linux-2023.1-virtualbox-amd64.vbox" with version "1.19-linux"
00:01:14.175969 nspr-2   Finished saving settings file "/home/ghertel/dev/kali-linux-2023.1-virtualbox-amd64/kali-linux-2023.1-virtualbox-amd64.vbox"
00:01:14.186801 nspr-4   ERROR [COM]: aRC=VBOX_E_INVALID_VM_STATE (0x80bb0002) aIID={300763af-5d6b-46e6-aa96-273eac15538a} aComponent={MachineWrap} aText={The machine is not mutable (state is Running)}, preserve=false aResultDetail=0
00:01:23.421534 nspr-8   Saving settings file "/home/ghertel/dev/kali-linux-2023.1-virtualbox-amd64/kali-linux-2023.1-virtualbox-amd64.vbox" with version "1.19-linux"
00:01:23.425957 nspr-8   Finished saving settings file "/home/ghertel/dev/kali-linux-2023.1-virtualbox-amd64/kali-linux-2023.1-virtualbox-amd64.vbox"
00:01:23.436271 nspr-3   ERROR [COM]: aRC=VBOX_E_INVALID_VM_STATE (0x80bb0002) aIID={300763af-5d6b-46e6-aa96-273eac15538a} aComponent={MachineWrap} aText={The machine is not mutable (state is Running)}, preserve=false aResultDetail=0
00:01:23.465688 nspr-3   Saving settings file "/home/ghertel/dev/kali-linux-2023.1-virtualbox-amd64/kali-linux-2023.1-virtualbox-amd64.vbox" with version "1.19-linux"
00:01:23.469353 nspr-3   Finished saving settings file "/home/ghertel/dev/kali-linux-2023.1-virtualbox-amd64/kali-linux-2023.1-virtualbox-amd64.vbox"
00:01:23.481935 nspr-5   ERROR [COM]: aRC=VBOX_E_INVALID_VM_STATE (0x80bb0002) aIID={300763af-5d6b-46e6-aa96-273eac15538a} aComponent={MachineWrap} aText={The machine is not mutable (state is Running)}, preserve=false aResultDetail=0
00:01:23.487128 nspr-5   Saving settings file "/home/ghertel/dev/kali-linux-2023.1-virtualbox-amd64/kali-linux-2023.1-virtualbox-amd64.vbox" with version "1.19-linux"
00:01:23.490737 nspr-5   Finished saving settings file "/home/ghertel/dev/kali-linux-2023.1-virtualbox-amd64/kali-linux-2023.1-virtualbox-amd64.vbox"
00:01:23.504818 nspr-10  ERROR [COM]: aRC=VBOX_E_INVALID_VM_STATE (0x80bb0002) aIID={300763af-5d6b-46e6-aa96-273eac15538a} aComponent={MachineWrap} aText={The machine is not mutable (state is Running)}, preserve=false aResultDetail=0
00:01:23.766554 nspr-10  Saving settings file "/home/ghertel/dev/kali-linux-2023.1-virtualbox-amd64/kali-linux-2023.1-virtualbox-amd64.vbox" with version "1.19-linux"
00:01:23.770758 nspr-10  Finished saving settings file "/home/ghertel/dev/kali-linux-2023.1-virtualbox-amd64/kali-linux-2023.1-virtualbox-amd64.vbox"
00:01:23.778539 nspr-8   ERROR [COM]: aRC=VBOX_E_INVALID_VM_STATE (0x80bb0002) aIID={300763af-5d6b-46e6-aa96-273eac15538a} aComponent={MachineWrap} aText={The machine is not mutable (state is Running)}, preserve=false aResultDetail=0
00:01:24.457751 nspr-5   Saving settings file "/home/ghertel/dev/kali-linux-2023.1-virtualbox-amd64/kali-linux-2023.1-virtualbox-amd64.vbox" with version "1.19-linux"
00:01:24.462050 nspr-5   Finished saving settings file "/home/ghertel/dev/kali-linux-2023.1-virtualbox-amd64/kali-linux-2023.1-virtualbox-amd64.vbox"
00:01:24.471865 nspr-7   ERROR [COM]: aRC=VBOX_E_INVALID_VM_STATE (0x80bb0002) aIID={300763af-5d6b-46e6-aa96-273eac15538a} aComponent={MachineWrap} aText={The machine is not mutable (state is Running)}, preserve=false aResultDetail=0
00:01:24.651103 nspr-4   Saving settings file "/home/ghertel/dev/kali-linux-2023.1-virtualbox-amd64/kali-linux-2023.1-virtualbox-amd64.vbox" with version "1.19-linux"
00:01:24.655479 nspr-4   Finished saving settings file "/home/ghertel/dev/kali-linux-2023.1-virtualbox-amd64/kali-linux-2023.1-virtualbox-amd64.vbox"
00:01:24.672101 nspr-9   ERROR [COM]: aRC=VBOX_E_INVALID_VM_STATE (0x80bb0002) aIID={300763af-5d6b-46e6-aa96-273eac15538a} aComponent={MachineWrap} aText={The machine is not mutable (state is Running)}, preserve=false aResultDetail=0
00:01:24.706100 nspr-4   Saving settings file "/home/ghertel/dev/kali-linux-2023.1-virtualbox-amd64/kali-linux-2023.1-virtualbox-amd64.vbox" with version "1.19-linux"
00:01:24.709915 nspr-4   Finished saving settings file "/home/ghertel/dev/kali-linux-2023.1-virtualbox-amd64/kali-linux-2023.1-virtualbox-amd64.vbox"
00:01:24.726963 nspr-8   ERROR [COM]: aRC=VBOX_E_INVALID_VM_STATE (0x80bb0002) aIID={300763af-5d6b-46e6-aa96-273eac15538a} aComponent={MachineWrap} aText={The machine is not mutable (state is Running)}, preserve=false aResultDetail=0
00:01:24.932512 nspr-5   Saving settings file "/home/ghertel/dev/kali-linux-2023.1-virtualbox-amd64/kali-linux-2023.1-virtualbox-amd64.vbox" with version "1.19-linux"
00:01:24.936985 nspr-5   Finished saving settings file "/home/ghertel/dev/kali-linux-2023.1-virtualbox-amd64/kali-linux-2023.1-virtualbox-amd64.vbox"
00:01:24.947597 nspr-7   ERROR [COM]: aRC=VBOX_E_INVALID_VM_STATE (0x80bb0002) aIID={300763af-5d6b-46e6-aa96-273eac15538a} aComponent={MachineWrap} aText={The machine is not mutable (state is Running)}, preserve=false aResultDetail=0
00:01:25.164128 nspr-10  Saving settings file "/home/ghertel/dev/kali-linux-2023.1-virtualbox-amd64/kali-linux-2023.1-virtualbox-amd64.vbox" with version "1.19-linux"
00:01:25.168228 nspr-10  Finished saving settings file "/home/ghertel/dev/kali-linux-2023.1-virtualbox-amd64/kali-linux-2023.1-virtualbox-amd64.vbox"
00:01:25.176073 nspr-7   ERROR [COM]: aRC=VBOX_E_INVALID_VM_STATE (0x80bb0002) aIID={300763af-5d6b-46e6-aa96-273eac15538a} aComponent={MachineWrap} aText={The machine is not mutable (state is Running)}, preserve=false aResultDetail=0
00:01:25.650159 nspr-2   Saving settings file "/home/ghertel/dev/kali-linux-2023.1-virtualbox-amd64/kali-linux-2023.1-virtualbox-amd64.vbox" with version "1.19-linux"
00:01:25.654196 nspr-2   Finished saving settings file "/home/ghertel/dev/kali-linux-2023.1-virtualbox-amd64/kali-linux-2023.1-virtualbox-amd64.vbox"
00:01:25.663966 nspr-2   ERROR [COM]: aRC=VBOX_E_INVALID_VM_STATE (0x80bb0002) aIID={300763af-5d6b-46e6-aa96-273eac15538a} aComponent={MachineWrap} aText={The machine is not mutable (state is Running)}, preserve=false aResultDetail=0
00:01:25.733859 nspr-8   Saving settings file "/home/ghertel/dev/kali-linux-2023.1-virtualbox-amd64/kali-linux-2023.1-virtualbox-amd64.vbox" with version "1.19-linux"
00:01:25.737220 nspr-8   Finished saving settings file "/home/ghertel/dev/kali-linux-2023.1-virtualbox-amd64/kali-linux-2023.1-virtualbox-amd64.vbox"
00:01:25.752559 nspr-7   ERROR [COM]: aRC=VBOX_E_INVALID_VM_STATE (0x80bb0002) aIID={300763af-5d6b-46e6-aa96-273eac15538a} aComponent={MachineWrap} aText={The machine is not mutable (state is Running)}, preserve=false aResultDetail=0
00:01:25.984133 nspr-9   Saving settings file "/home/ghertel/dev/kali-linux-2023.1-virtualbox-amd64/kali-linux-2023.1-virtualbox-amd64.vbox" with version "1.19-linux"
00:01:25.988209 nspr-9   Finished saving settings file "/home/ghertel/dev/kali-linux-2023.1-virtualbox-amd64/kali-linux-2023.1-virtualbox-amd64.vbox"
00:01:25.996822 nspr-10  ERROR [COM]: aRC=VBOX_E_INVALID_VM_STATE (0x80bb0002) aIID={300763af-5d6b-46e6-aa96-273eac15538a} aComponent={MachineWrap} aText={The machine is not mutable (state is Running)}, preserve=false aResultDetail=0
00:01:26.461228 nspr-10  Saving settings file "/home/ghertel/dev/kali-linux-2023.1-virtualbox-amd64/kali-linux-2023.1-virtualbox-amd64.vbox" with version "1.19-linux"
00:01:26.465504 nspr-10  Finished saving settings file "/home/ghertel/dev/kali-linux-2023.1-virtualbox-amd64/kali-linux-2023.1-virtualbox-amd64.vbox"
00:01:26.475549 nspr-4   ERROR [COM]: aRC=VBOX_E_INVALID_VM_STATE (0x80bb0002) aIID={300763af-5d6b-46e6-aa96-273eac15538a} aComponent={MachineWrap} aText={The machine is not mutable (state is Running)}, preserve=false aResultDetail=0
00:01:26.750933 nspr-4   Saving settings file "/home/ghertel/dev/kali-linux-2023.1-virtualbox-amd64/kali-linux-2023.1-virtualbox-amd64.vbox" with version "1.19-linux"
00:01:26.754996 nspr-4   Finished saving settings file "/home/ghertel/dev/kali-linux-2023.1-virtualbox-amd64/kali-linux-2023.1-virtualbox-amd64.vbox"
00:01:26.762501 nspr-10  ERROR [COM]: aRC=VBOX_E_INVALID_VM_STATE (0x80bb0002) aIID={300763af-5d6b-46e6-aa96-273eac15538a} aComponent={MachineWrap} aText={The machine is not mutable (state is Running)}, preserve=false aResultDetail=0
00:39:52.844540 nspr-3   Saving settings file "/home/ghertel/dev/kali-linux-2023.1-virtualbox-amd64/kali-linux-2023.1-virtualbox-amd64.vbox" with version "1.19-linux"
00:39:52.848732 nspr-3   Finished saving settings file "/home/ghertel/dev/kali-linux-2023.1-virtualbox-amd64/kali-linux-2023.1-virtualbox-amd64.vbox"
00:39:52.860344 nspr-9   ERROR [COM]: aRC=VBOX_E_INVALID_VM_STATE (0x80bb0002) aIID={300763af-5d6b-46e6-aa96-273eac15538a} aComponent={MachineWrap} aText={The machine is not mutable (state is Running)}, preserve=false aResultDetail=0
00:39:53.544868 nspr-3   Saving settings file "/home/ghertel/dev/kali-linux-2023.1-virtualbox-amd64/kali-linux-2023.1-virtualbox-amd64.vbox" with version "1.19-linux"
00:39:53.548609 nspr-3   Finished saving settings file "/home/ghertel/dev/kali-linux-2023.1-virtualbox-amd64/kali-linux-2023.1-virtualbox-amd64.vbox"
00:39:53.556829 nspr-2   Saving settings file "/home/ghertel/dev/kali-linux-2023.1-virtualbox-amd64/kali-linux-2023.1-virtualbox-amd64.vbox" with version "1.19-linux"
00:39:53.560273 nspr-2   Finished saving settings file "/home/ghertel/dev/kali-linux-2023.1-virtualbox-amd64/kali-linux-2023.1-virtualbox-amd64.vbox"
00:39:53.565993 nspr-2   ERROR [COM]: aRC=VBOX_E_INVALID_VM_STATE (0x80bb0002) aIID={300763af-5d6b-46e6-aa96-273eac15538a} aComponent={MachineWrap} aText={The machine is not mutable (state is Running)}, preserve=false aResultDetail=0
00:39:53.576570 nspr-10  ERROR [COM]: aRC=VBOX_E_INVALID_VM_STATE (0x80bb0002) aIID={300763af-5d6b-46e6-aa96-273eac15538a} aComponent={MachineWrap} aText={The machine is not mutable (state is Running)}, preserve=false aResultDetail=0
00:44:36.289664 nspr-7   ERROR [COM]: aRC=VBOX_E_INVALID_VM_STATE (0x80bb0002) aIID={300763af-5d6b-46e6-aa96-273eac15538a} aComponent={MachineWrap} aText={The machine is not mutable (state is Running)}, preserve=false aResultDetail=0
00:44:36.338757 nspr-7   Saving settings file "/home/ghertel/VirtualBox VMs/csec/csec.vbox" with version "1.19-linux"
00:44:36.343095 nspr-7   Finished saving settings file "/home/ghertel/VirtualBox VMs/csec/csec.vbox"
00:44:36.357660 nspr-9   ERROR [COM]: aRC=VBOX_E_INVALID_VM_STATE (0x80bb0002) aIID={300763af-5d6b-46e6-aa96-273eac15538a} aComponent={MachineWrap} aText={The machine is not mutable (state is Running)}, preserve=false aResultDetail=0
00:44:45.090065 nspr-2   ERROR [COM]: aRC=VBOX_E_INVALID_VM_STATE (0x80bb0002) aIID={300763af-5d6b-46e6-aa96-273eac15538a} aComponent={SessionMachine} aText={The machine is not mutable (state is Running)}, preserve=false aResultDetail=0
00:44:45.106244 nspr-9   NetIfAdpCtlOut: VBoxNetAdpCtl: Error while retrieving link speed for wlan0: VBoxNetAdpCtl: ioctl failed: Operation not supported
00:44:45.116208 nspr-8   NetIfAdpCtlOut: VBoxNetAdpCtl: Error while retrieving link speed for wlan0: VBoxNetAdpCtl: ioctl failed: Operation not supported
00:44:51.895556 nspr-5   Saving settings file "/home/ghertel/dev/kali-linux-2023.1-virtualbox-amd64/kali-linux-2023.1-virtualbox-amd64.vbox" with version "1.19-linux"
00:44:51.899176 nspr-5   Finished saving settings file "/home/ghertel/dev/kali-linux-2023.1-virtualbox-amd64/kali-linux-2023.1-virtualbox-amd64.vbox"
00:44:51.931732 nspr-5   ERROR [COM]: aRC=VBOX_E_INVALID_VM_STATE (0x80bb0002) aIID={300763af-5d6b-46e6-aa96-273eac15538a} aComponent={MachineWrap} aText={The machine is not mutable (state is Running)}, preserve=false aResultDetail=0
00:45:23.382814 nspr-9   ERROR [COM]: aRC=VBOX_E_INVALID_VM_STATE (0x80bb0002) aIID={300763af-5d6b-46e6-aa96-273eac15538a} aComponent={SessionMachine} aText={The machine is not mutable (state is Running)}, preserve=false aResultDetail=0
00:45:23.398299 nspr-2   NetIfAdpCtlOut: VBoxNetAdpCtl: Error while retrieving link speed for wlan0: VBoxNetAdpCtl: ioctl failed: Operation not supported
00:45:23.408287 nspr-2   NetIfAdpCtlOut: VBoxNetAdpCtl: Error while retrieving link speed for wlan0: VBoxNetAdpCtl: ioctl failed: Operation not supported
00:45:29.253131 nspr-7   ERROR [COM]: aRC=VBOX_E_OBJECT_IN_USE (0x80bb000c) aIID={cadef0a2-a1a9-4ac2-8e80-c049af69dac8} aComponent={DHCPServerWrap} aText={Cannot start DHCP server because it is already running (pid 00000ead)}, preserve=false aResultDetail=-51
00:45:29.265965 nspr-5   Saving settings file "/home/ghertel/dev/kali-linux-2023.1-virtualbox-amd64/kali-linux-2023.1-virtualbox-amd64.vbox" with version "1.19-linux"
00:45:29.269633 nspr-5   Finished saving settings file "/home/ghertel/dev/kali-linux-2023.1-virtualbox-amd64/kali-linux-2023.1-virtualbox-amd64.vbox"
00:45:29.296680 nspr-3   ERROR [COM]: aRC=VBOX_E_INVALID_VM_STATE (0x80bb0002) aIID={300763af-5d6b-46e6-aa96-273eac15538a} aComponent={MachineWrap} aText={The machine is not mutable (state is Running)}, preserve=false aResultDetail=0
00:45:30.523133 nspr-5   Saving settings file "/home/ghertel/.config/VirtualBox/VirtualBox.xml" with version "1.12-linux"
00:45:30.528151 nspr-5   Finished saving settings file "/home/ghertel/.config/VirtualBox/VirtualBox.xml"
00:45:30.541405 nspr-7   ERROR [COM]: aRC=VBOX_E_INVALID_VM_STATE (0x80bb0002) aIID={300763af-5d6b-46e6-aa96-273eac15538a} aComponent={MachineWrap} aText={The machine is not mutable (state is PoweredOff)}, preserve=false aResultDetail=0
00:45:33.909776 nspr-8   Launched VM: 469776736 pid: 7764 (0x1e54) frontend: GUI/Qt name: csec
00:45:33.947609 nspr-3   ERROR [COM]: aRC=VBOX_E_INVALID_VM_STATE (0x80bb0002) aIID={300763af-5d6b-46e6-aa96-273eac15538a} aComponent={MachineWrap} aText={The machine is not mutable (state is PoweredOff)}, preserve=false aResultDetail=0
00:45:34.107021 nspr-10  ERROR [COM]: aRC=VBOX_E_INVALID_VM_STATE (0x80bb0002) aIID={300763af-5d6b-46e6-aa96-273eac15538a} aComponent={MachineWrap} aText={The machine is not mutable (state is PoweredOff)}, preserve=false aResultDetail=0
00:45:34.517578 nspr-10  ERROR [COM]: aRC=VBOX_E_OBJECT_NOT_FOUND (0x80bb0001) aIID={70401eef-c8e9-466b-9660-45cb3e9979e4} aComponent={ExtPackManagerWrap} aText={No extension pack by the name 'Oracle VM VirtualBox Extension Pack' was found}, preserve=false aResultDetail=0
00:45:34.560259 nspr-6   ERROR [COM]: aRC=VBOX_E_IPRT_ERROR (0x80bb0005) aIID={300763af-5d6b-46e6-aa96-273eac15538a} aComponent={SessionMachine} aText={Saved screenshot data is not available (VERR_NOT_SUPPORTED)}, preserve=false aResultDetail=-37
00:45:34.582520 nspr-6   NetIfAdpCtlOut: VBoxNetAdpCtl: Error while retrieving link speed for wlan0: VBoxNetAdpCtl: ioctl failed: Operation not supported
00:45:34.614265 nspr-5   ERROR [COM]: aRC=VBOX_E_OBJECT_IN_USE (0x80bb000c) aIID={cadef0a2-a1a9-4ac2-8e80-c049af69dac8} aComponent={DHCPServerWrap} aText={Cannot start DHCP server because it is already running (pid 00000ead)}, preserve=false aResultDetail=-51
00:45:34.617710 nspr-5   ERROR [COM]: aRC=VBOX_E_INVALID_VM_STATE (0x80bb0002) aIID={300763af-5d6b-46e6-aa96-273eac15538a} aComponent={MachineWrap} aText={The machine is not mutable (state is Starting)}, preserve=false aResultDetail=0
00:45:34.722551 nspr-5   ERROR [COM]: aRC=VBOX_E_OBJECT_NOT_FOUND (0x80bb0001) aIID={ad47ad09-787b-44ab-b343-a082a3f2dfb1} aComponent={MediumWrap} aText={Property 'CRYPT/KeyId' does not exist}, preserve=false aResultDetail=0
00:45:34.751089 nspr-4   ERROR [COM]: aRC=VBOX_E_INVALID_VM_STATE (0x80bb0002) aIID={300763af-5d6b-46e6-aa96-273eac15538a} aComponent={MachineWrap} aText={The machine is not mutable (state is Running)}, preserve=false aResultDetail=0
00:48:05.533626 nspr-7   Saving settings file "/home/ghertel/.config/VirtualBox/VirtualBox.xml" with version "1.12-linux"
00:48:05.538178 nspr-7   Finished saving settings file "/home/ghertel/.config/VirtualBox/VirtualBox.xml"
00:48:05.557412 nspr-7   ERROR [COM]: aRC=VBOX_E_INVALID_VM_STATE (0x80bb0002) aIID={300763af-5d6b-46e6-aa96-273eac15538a} aComponent={MachineWrap} aText={The machine is not mutable (state is Running)}, preserve=false aResultDetail=0
00:48:06.129795 nspr-8   Saving settings file "/home/ghertel/.config/VirtualBox/VirtualBox.xml" with version "1.12-linux"
00:48:06.134072 nspr-8   Finished saving settings file "/home/ghertel/.config/VirtualBox/VirtualBox.xml"
00:48:06.150592 nspr-2   ERROR [COM]: aRC=VBOX_E_INVALID_VM_STATE (0x80bb0002) aIID={300763af-5d6b-46e6-aa96-273eac15538a} aComponent={MachineWrap} aText={The machine is not mutable (state is Running)}, preserve=false aResultDetail=0
00:57:27.906888 nspr-9   Saving settings file "/home/ghertel/.config/VirtualBox/VirtualBox.xml" with version "1.12-linux"
00:57:27.911683 nspr-9   Finished saving settings file "/home/ghertel/.config/VirtualBox/VirtualBox.xml"
00:57:27.927475 nspr-8   ERROR [COM]: aRC=VBOX_E_INVALID_VM_STATE (0x80bb0002) aIID={300763af-5d6b-46e6-aa96-273eac15538a} aComponent={MachineWrap} aText={The machine is not mutable (state is Running)}, preserve=false aResultDetail=0
00:57:35.877487 nspr-7   ERROR [COM]: aRC=VBOX_E_INVALID_VM_STATE (0x80bb0002) aIID={300763af-5d6b-46e6-aa96-273eac15538a} aComponent={MachineWrap} aText={The machine is not mutable (state is Paused)}, preserve=false aResultDetail=0
00:57:36.946662 nspr-3   Saving settings file "/home/ghertel/.config/VirtualBox/VirtualBox.xml" with version "1.12-linux"
00:57:36.951473 nspr-3   Finished saving settings file "/home/ghertel/.config/VirtualBox/VirtualBox.xml"
00:57:36.968124 nspr-5   ERROR [COM]: aRC=VBOX_E_INVALID_VM_STATE (0x80bb0002) aIID={300763af-5d6b-46e6-aa96-273eac15538a} aComponent={MachineWrap} aText={The machine is not mutable (state is Running)}, preserve=false aResultDetail=0
00:57:39.876283 nspr-8   ERROR [COM]: aRC=VBOX_E_INVALID_VM_STATE (0x80bb0002) aIID={300763af-5d6b-46e6-aa96-273eac15538a} aComponent={SessionMachine} aText={The machine is not mutable (state is Running)}, preserve=false aResultDetail=0
00:57:39.890742 nspr-6   NetIfAdpCtlOut: VBoxNetAdpCtl: Error while retrieving link speed for wlan0: VBoxNetAdpCtl: ioctl failed: Operation not supported
00:57:39.900812 nspr-4   NetIfAdpCtlOut: VBoxNetAdpCtl: Error while retrieving link speed for wlan0: VBoxNetAdpCtl: ioctl failed: Operation not supported
00:57:44.895441 nspr-10  Saving settings file "/home/ghertel/VirtualBox VMs/csec/csec.vbox" with version "1.19-linux"
00:57:44.899187 nspr-10  Finished saving settings file "/home/ghertel/VirtualBox VMs/csec/csec.vbox"
00:57:44.930027 nspr-3   ERROR [COM]: aRC=VBOX_E_INVALID_VM_STATE (0x80bb0002) aIID={300763af-5d6b-46e6-aa96-273eac15538a} aComponent={MachineWrap} aText={The machine is not mutable (state is Running)}, preserve=false aResultDetail=0
00:57:47.756616 nspr-8   Saving settings file "/home/ghertel/dev/kali-linux-2023.1-virtualbox-amd64/kali-linux-2023.1-virtualbox-amd64.vbox" with version "1.19-linux"
00:57:47.761860 nspr-8   Finished saving settings file "/home/ghertel/dev/kali-linux-2023.1-virtualbox-amd64/kali-linux-2023.1-virtualbox-amd64.vbox"
00:57:47.766256 nspr-7   Saving settings file "/home/ghertel/dev/kali-linux-2023.1-virtualbox-amd64/kali-linux-2023.1-virtualbox-amd64.vbox" with version "1.19-linux"
00:57:47.771471 nspr-7   Finished saving settings file "/home/ghertel/dev/kali-linux-2023.1-virtualbox-amd64/kali-linux-2023.1-virtualbox-amd64.vbox"
00:57:57.742141 nspr-5   ERROR [COM]: aRC=VBOX_E_INVALID_VM_STATE (0x80bb0002) aIID={300763af-5d6b-46e6-aa96-273eac15538a} aComponent={SessionMachine} aText={The machine is not mutable (state is Running)}, preserve=false aResultDetail=0
00:57:57.756301 nspr-6   NetIfAdpCtlOut: VBoxNetAdpCtl: Error while retrieving link speed for wlan0: VBoxNetAdpCtl: ioctl failed: Operation not supported
00:57:57.767335 nspr-5   NetIfAdpCtlOut: VBoxNetAdpCtl: Error while retrieving link speed for wlan0: VBoxNetAdpCtl: ioctl failed: Operation not supported
00:58:02.160794 nspr-8   ERROR [COM]: aRC=VBOX_E_OBJECT_IN_USE (0x80bb000c) aIID={cadef0a2-a1a9-4ac2-8e80-c049af69dac8} aComponent={DHCPServerWrap} aText={Cannot start DHCP server because it is already running (pid 00000ead)}, preserve=false aResultDetail=-51
00:58:02.170890 nspr-6   Saving settings file "/home/ghertel/VirtualBox VMs/csec/csec.vbox" with version "1.19-linux"
00:58:02.174694 nspr-6   Finished saving settings file "/home/ghertel/VirtualBox VMs/csec/csec.vbox"
00:58:02.204635 nspr-2   ERROR [COM]: aRC=VBOX_E_INVALID_VM_STATE (0x80bb0002) aIID={300763af-5d6b-46e6-aa96-273eac15538a} aComponent={MachineWrap} aText={The machine is not mutable (state is Running)}, preserve=false aResultDetail=0
00:58:05.838931 nspr-10  ERROR [COM]: aRC=VBOX_E_INVALID_VM_STATE (0x80bb0002) aIID={300763af-5d6b-46e6-aa96-273eac15538a} aComponent={MachineWrap} aText={The machine is not mutable (state is Paused)}, preserve=false aResultDetail=0
00:58:06.400079 nspr-9   Saving settings file "/home/ghertel/.config/VirtualBox/VirtualBox.xml" with version "1.12-linux"
00:58:06.404731 nspr-9   Finished saving settings file "/home/ghertel/.config/VirtualBox/VirtualBox.xml"
00:58:07.100483 nspr-2   Saving settings file "/home/ghertel/.config/VirtualBox/VirtualBox.xml" with version "1.12-linux"
00:58:07.105049 nspr-2   Finished saving settings file "/home/ghertel/.config/VirtualBox/VirtualBox.xml"
00:58:07.455267 nspr-4   ERROR [COM]: aRC=VBOX_E_INVALID_VM_STATE (0x80bb0002) aIID={300763af-5d6b-46e6-aa96-273eac15538a} aComponent={MachineWrap} aText={The machine is not mutable (state is Paused)}, preserve=false aResultDetail=0
00:58:10.648435 nspr-2   ERROR [COM]: aRC=VBOX_E_INVALID_VM_STATE (0x80bb0002) aIID={300763af-5d6b-46e6-aa96-273eac15538a} aComponent={MachineWrap} aText={The machine is not mutable (state is Running)}, preserve=false aResultDetail=0
00:58:16.017039 nspr-2   Saving settings file "/home/ghertel/.config/VirtualBox/VirtualBox.xml" with version "1.12-linux"
00:58:16.022761 nspr-2   Finished saving settings file "/home/ghertel/.config/VirtualBox/VirtualBox.xml"
00:58:16.033652 nspr-8   ERROR [COM]: aRC=VBOX_E_INVALID_VM_STATE (0x80bb0002) aIID={300763af-5d6b-46e6-aa96-273eac15538a} aComponent={MachineWrap} aText={The machine is not mutable (state is Paused)}, preserve=false aResultDetail=0
00:58:21.236879 nspr-3   ERROR [COM]: aRC=VBOX_E_INVALID_VM_STATE (0x80bb0002) aIID={300763af-5d6b-46e6-aa96-273eac15538a} aComponent={MachineWrap} aText={The machine is not mutable (state is Stopping)}, preserve=false aResultDetail=0
00:58:21.280732 nspr-5   Saving settings file "/home/ghertel/VirtualBox VMs/csec/csec.vbox" with version "1.19-linux"
00:58:21.285210 nspr-5   Finished saving settings file "/home/ghertel/VirtualBox VMs/csec/csec.vbox"
00:58:21.305676 nspr-2   ERROR [COM]: aRC=VBOX_E_INVALID_VM_STATE (0x80bb0002) aIID={300763af-5d6b-46e6-aa96-273eac15538a} aComponent={MachineWrap} aText={The machine is not mutable (state is PoweredOff)}, preserve=false aResultDetail=0
00:58:22.301122 nspr-8   ERROR [COM]: aRC=VBOX_E_INVALID_VM_STATE (0x80bb0002) aIID={300763af-5d6b-46e6-aa96-273eac15538a} aComponent={MachineWrap} aText={The machine is not mutable (state is PoweredOff)}, preserve=false aResultDetail=0
00:58:47.252730 nspr-3   Saving settings file "/home/ghertel/.config/VirtualBox/VirtualBox.xml" with version "1.12-linux"
00:58:47.257284 nspr-3   Finished saving settings file "/home/ghertel/.config/VirtualBox/VirtualBox.xml"
00:58:47.272905 nspr-2   ERROR [COM]: aRC=VBOX_E_INVALID_VM_STATE (0x80bb0002) aIID={300763af-5d6b-46e6-aa96-273eac15538a} aComponent={MachineWrap} aText={The machine is not mutable (state is Running)}, preserve=false aResultDetail=0
00:58:49.411790 nspr-6   ERROR [COM]: aRC=VBOX_E_INVALID_VM_STATE (0x80bb0002) aIID={300763af-5d6b-46e6-aa96-273eac15538a} aComponent={SessionMachine} aText={The machine is not mutable (state is Running)}, preserve=false aResultDetail=0
00:58:49.427046 nspr-9   NetIfAdpCtlOut: VBoxNetAdpCtl: Error while retrieving link speed for wlan0: VBoxNetAdpCtl: ioctl failed: Operation not supported
00:58:49.437445 nspr-6   NetIfAdpCtlOut: VBoxNetAdpCtl: Error while retrieving link speed for wlan0: VBoxNetAdpCtl: ioctl failed: Operation not supported
00:58:53.546684 nspr-2   Saving settings file "/home/ghertel/dev/kali-linux-2023.1-virtualbox-amd64/kali-linux-2023.1-virtualbox-amd64.vbox" with version "1.19-linux"
00:58:53.550397 nspr-2   Finished saving settings file "/home/ghertel/dev/kali-linux-2023.1-virtualbox-amd64/kali-linux-2023.1-virtualbox-amd64.vbox"
00:58:53.576765 nspr-5   ERROR [COM]: aRC=VBOX_E_INVALID_VM_STATE (0x80bb0002) aIID={300763af-5d6b-46e6-aa96-273eac15538a} aComponent={MachineWrap} aText={The machine is not mutable (state is Running)}, preserve=false aResultDetail=0
01:00:30.442864 nspr-6   ERROR [COM]: aRC=VBOX_E_INVALID_VM_STATE (0x80bb0002) aIID={300763af-5d6b-46e6-aa96-273eac15538a} aComponent={SessionMachine} aText={The machine is not mutable (state is Running)}, preserve=false aResultDetail=0
01:00:30.459940 nspr-9   NetIfAdpCtlOut: VBoxNetAdpCtl: Error while retrieving link speed for wlan0: VBoxNetAdpCtl: ioctl failed: Operation not supported
01:00:30.471846 nspr-7   NetIfAdpCtlOut: VBoxNetAdpCtl: Error while retrieving link speed for wlan0: VBoxNetAdpCtl: ioctl failed: Operation not supported
01:00:35.184487 nspr-10  ERROR [COM]: aRC=VBOX_E_OBJECT_IN_USE (0x80bb000c) aIID={cadef0a2-a1a9-4ac2-8e80-c049af69dac8} aComponent={DHCPServerWrap} aText={Cannot start DHCP server because it is already running (pid 00000ead)}, preserve=false aResultDetail=-51
01:00:35.197132 nspr-10  Saving settings file "/home/ghertel/dev/kali-linux-2023.1-virtualbox-amd64/kali-linux-2023.1-virtualbox-amd64.vbox" with version "1.19-linux"
01:00:35.200755 nspr-10  Finished saving settings file "/home/ghertel/dev/kali-linux-2023.1-virtualbox-amd64/kali-linux-2023.1-virtualbox-amd64.vbox"
01:00:35.226851 nspr-3   ERROR [COM]: aRC=VBOX_E_INVALID_VM_STATE (0x80bb0002) aIID={300763af-5d6b-46e6-aa96-273eac15538a} aComponent={MachineWrap} aText={The machine is not mutable (state is Running)}, preserve=false aResultDetail=0
01:00:35.842618 nspr-9   Saving settings file "/home/ghertel/.config/VirtualBox/VirtualBox.xml" with version "1.12-linux"
01:00:35.847396 nspr-9   Finished saving settings file "/home/ghertel/.config/VirtualBox/VirtualBox.xml"
01:00:35.860666 nspr-11  ERROR [COM]: aRC=VBOX_E_INVALID_VM_STATE (0x80bb0002) aIID={300763af-5d6b-46e6-aa96-273eac15538a} aComponent={MachineWrap} aText={The machine is not mutable (state is PoweredOff)}, preserve=false aResultDetail=0
01:00:38.473380 nspr-2   Launched VM: 469776192 pid: 8309 (0x2075) frontend: GUI/Qt name: csec
01:00:38.499822 nspr-5   ERROR [COM]: aRC=VBOX_E_INVALID_VM_STATE (0x80bb0002) aIID={300763af-5d6b-46e6-aa96-273eac15538a} aComponent={MachineWrap} aText={The machine is not mutable (state is PoweredOff)}, preserve=false aResultDetail=0
01:00:38.668406 nspr-11  ERROR [COM]: aRC=VBOX_E_INVALID_VM_STATE (0x80bb0002) aIID={300763af-5d6b-46e6-aa96-273eac15538a} aComponent={MachineWrap} aText={The machine is not mutable (state is PoweredOff)}, preserve=false aResultDetail=0
01:00:39.074450 nspr-3   ERROR [COM]: aRC=VBOX_E_OBJECT_NOT_FOUND (0x80bb0001) aIID={70401eef-c8e9-466b-9660-45cb3e9979e4} aComponent={ExtPackManagerWrap} aText={No extension pack by the name 'Oracle VM VirtualBox Extension Pack' was found}, preserve=false aResultDetail=0
01:00:39.118239 nspr-4   ERROR [COM]: aRC=VBOX_E_IPRT_ERROR (0x80bb0005) aIID={300763af-5d6b-46e6-aa96-273eac15538a} aComponent={SessionMachine} aText={Saved screenshot data is not available (VERR_NOT_SUPPORTED)}, preserve=false aResultDetail=-37
01:00:39.140772 nspr-11  NetIfAdpCtlOut: VBoxNetAdpCtl: Error while retrieving link speed for wlan0: VBoxNetAdpCtl: ioctl failed: Operation not supported
01:00:39.176670 nspr-9   ERROR [COM]: aRC=VBOX_E_OBJECT_IN_USE (0x80bb000c) aIID={cadef0a2-a1a9-4ac2-8e80-c049af69dac8} aComponent={DHCPServerWrap} aText={Cannot start DHCP server because it is already running (pid 00000ead)}, preserve=false aResultDetail=-51
01:00:39.176719 nspr-10  ERROR [COM]: aRC=VBOX_E_INVALID_VM_STATE (0x80bb0002) aIID={300763af-5d6b-46e6-aa96-273eac15538a} aComponent={MachineWrap} aText={The machine is not mutable (state is Starting)}, preserve=false aResultDetail=0
01:00:39.271805 nspr-3   ERROR [COM]: aRC=VBOX_E_OBJECT_NOT_FOUND (0x80bb0001) aIID={ad47ad09-787b-44ab-b343-a082a3f2dfb1} aComponent={MediumWrap} aText={Property 'CRYPT/KeyId' does not exist}, preserve=false aResultDetail=0
01:00:39.300278 nspr-9   ERROR [COM]: aRC=VBOX_E_INVALID_VM_STATE (0x80bb0002) aIID={300763af-5d6b-46e6-aa96-273eac15538a} aComponent={MachineWrap} aText={The machine is not mutable (state is Running)}, preserve=false aResultDetail=0
01:00:43.987428 nspr-5   Saving settings file "/home/ghertel/.config/VirtualBox/VirtualBox.xml" with version "1.12-linux"
01:00:43.991676 nspr-5   Finished saving settings file "/home/ghertel/.config/VirtualBox/VirtualBox.xml"
01:00:44.005533 nspr-5   ERROR [COM]: aRC=VBOX_E_INVALID_VM_STATE (0x80bb0002) aIID={300763af-5d6b-46e6-aa96-273eac15538a} aComponent={MachineWrap} aText={The machine is not mutable (state is Running)}, preserve=false aResultDetail=0
01:01:00.893596 nspr-8   Saving settings file "/home/ghertel/dev/kali-linux-2023.1-virtualbox-amd64/kali-linux-2023.1-virtualbox-amd64.vbox" with version "1.19-linux"
01:01:00.897736 nspr-8   Finished saving settings file "/home/ghertel/dev/kali-linux-2023.1-virtualbox-amd64/kali-linux-2023.1-virtualbox-amd64.vbox"
01:01:00.908410 nspr-10  ERROR [COM]: aRC=VBOX_E_INVALID_VM_STATE (0x80bb0002) aIID={300763af-5d6b-46e6-aa96-273eac15538a} aComponent={MachineWrap} aText={The machine is not mutable (state is Running)}, preserve=false aResultDetail=0
01:01:01.753746 nspr-6   Saving settings file "/home/ghertel/dev/kali-linux-2023.1-virtualbox-amd64/kali-linux-2023.1-virtualbox-amd64.vbox" with version "1.19-linux"
01:01:01.758693 nspr-6   Finished saving settings file "/home/ghertel/dev/kali-linux-2023.1-virtualbox-amd64/kali-linux-2023.1-virtualbox-amd64.vbox"
01:01:01.763633 nspr-2   Saving settings file "/home/ghertel/dev/kali-linux-2023.1-virtualbox-amd64/kali-linux-2023.1-virtualbox-amd64.vbox" with version "1.19-linux"
01:01:01.767288 nspr-2   Finished saving settings file "/home/ghertel/dev/kali-linux-2023.1-virtualbox-amd64/kali-linux-2023.1-virtualbox-amd64.vbox"
01:01:01.776777 nspr-10  ERROR [COM]: aRC=VBOX_E_INVALID_VM_STATE (0x80bb0002) aIID={300763af-5d6b-46e6-aa96-273eac15538a} aComponent={MachineWrap} aText={The machine is not mutable (state is Running)}, preserve=false aResultDetail=0
01:01:49.118131 nspr-4   Saving settings file "/home/ghertel/dev/kali-linux-2023.1-virtualbox-amd64/kali-linux-2023.1-virtualbox-amd64.vbox" with version "1.19-linux"
01:01:49.122972 nspr-4   Finished saving settings file "/home/ghertel/dev/kali-linux-2023.1-virtualbox-amd64/kali-linux-2023.1-virtualbox-amd64.vbox"
01:01:49.136875 nspr-5   ERROR [COM]: aRC=VBOX_E_INVALID_VM_STATE (0x80bb0002) aIID={300763af-5d6b-46e6-aa96-273eac15538a} aComponent={MachineWrap} aText={The machine is not mutable (state is Running)}, preserve=false aResultDetail=0
01:01:49.355733 nspr-3   Saving settings file "/home/ghertel/dev/kali-linux-2023.1-virtualbox-amd64/kali-linux-2023.1-virtualbox-amd64.vbox" with version "1.19-linux"
01:01:49.359783 nspr-3   Finished saving settings file "/home/ghertel/dev/kali-linux-2023.1-virtualbox-amd64/kali-linux-2023.1-virtualbox-amd64.vbox"
01:01:49.367912 nspr-8   ERROR [COM]: aRC=VBOX_E_INVALID_VM_STATE (0x80bb0002) aIID={300763af-5d6b-46e6-aa96-273eac15538a} aComponent={MachineWrap} aText={The machine is not mutable (state is Running)}, preserve=false aResultDetail=0
01:08:29.622610 nspr-4   Saving settings file "/home/ghertel/dev/kali-linux-2023.1-virtualbox-amd64/kali-linux-2023.1-virtualbox-amd64.vbox" with version "1.19-linux"
01:08:29.627215 nspr-4   Finished saving settings file "/home/ghertel/dev/kali-linux-2023.1-virtualbox-amd64/kali-linux-2023.1-virtualbox-amd64.vbox"
01:08:29.640335 nspr-11  ERROR [COM]: aRC=VBOX_E_INVALID_VM_STATE (0x80bb0002) aIID={300763af-5d6b-46e6-aa96-273eac15538a} aComponent={MachineWrap} aText={The machine is not mutable (state is Running)}, preserve=false aResultDetail=0
01:08:29.882811 nspr-9   Saving settings file "/home/ghertel/dev/kali-linux-2023.1-virtualbox-amd64/kali-linux-2023.1-virtualbox-amd64.vbox" with version "1.19-linux"
01:08:29.887104 nspr-9   Finished saving settings file "/home/ghertel/dev/kali-linux-2023.1-virtualbox-amd64/kali-linux-2023.1-virtualbox-amd64.vbox"
01:08:29.895236 nspr-10  ERROR [COM]: aRC=VBOX_E_INVALID_VM_STATE (0x80bb0002) aIID={300763af-5d6b-46e6-aa96-273eac15538a} aComponent={MachineWrap} aText={The machine is not mutable (state is Running)}, preserve=false aResultDetail=0
01:08:30.299313 nspr-6   Saving settings file "/home/ghertel/dev/kali-linux-2023.1-virtualbox-amd64/kali-linux-2023.1-virtualbox-amd64.vbox" with version "1.19-linux"
01:08:30.304424 nspr-6   Finished saving settings file "/home/ghertel/dev/kali-linux-2023.1-virtualbox-amd64/kali-linux-2023.1-virtualbox-amd64.vbox"
01:08:30.321529 nspr-9   ERROR [COM]: aRC=VBOX_E_INVALID_VM_STATE (0x80bb0002) aIID={300763af-5d6b-46e6-aa96-273eac15538a} aComponent={MachineWrap} aText={The machine is not mutable (state is Running)}, preserve=false aResultDetail=0
01:08:30.550105 nspr-7   Saving settings file "/home/ghertel/dev/kali-linux-2023.1-virtualbox-amd64/kali-linux-2023.1-virtualbox-amd64.vbox" with version "1.19-linux"
01:08:30.554480 nspr-7   Finished saving settings file "/home/ghertel/dev/kali-linux-2023.1-virtualbox-amd64/kali-linux-2023.1-virtualbox-amd64.vbox"
01:08:30.563491 nspr-2   ERROR [COM]: aRC=VBOX_E_INVALID_VM_STATE (0x80bb0002) aIID={300763af-5d6b-46e6-aa96-273eac15538a} aComponent={MachineWrap} aText={The machine is not mutable (state is Running)}, preserve=false aResultDetail=0
01:08:55.516106 MainPower Host suspending: Paused 2 VMs
01:08:55.536810 nspr-3   ERROR [COM]: aRC=VBOX_E_INVALID_VM_STATE (0x80bb0002) aIID={300763af-5d6b-46e6-aa96-273eac15538a} aComponent={MachineWrap} aText={The machine is not mutable (state is Paused)}, preserve=false aResultDetail=0
01:08:55.721634 dns-monitor HostDnsMonitor: updating information
01:08:55.721664 dns-monitor HostDnsMonitor: old information
01:08:55.721667 dns-monitor   server 1: 141.57.1.94
01:08:55.721670 dns-monitor   server 2: 141.57.1.6
01:08:55.721671 dns-monitor   domain: htwk-leipzig.de
01:08:55.721672 dns-monitor   search string 1: htwk-leipzig.de
01:08:55.721673 dns-monitor HostDnsMonitor: new information
01:08:55.721674 dns-monitor   no server entries
01:08:55.721675 dns-monitor   no domain set
01:08:55.721676 dns-monitor   no search string entries
01:09:02.222326 MainPower Host resumed: Resumed 2 VMs
01:09:02.258743 nspr-5   ERROR [COM]: aRC=VBOX_E_INVALID_VM_STATE (0x80bb0002) aIID={300763af-5d6b-46e6-aa96-273eac15538a} aComponent={MachineWrap} aText={The machine is not mutable (state is Running)}, preserve=false aResultDetail=0
01:09:05.704042 dns-monitor NAT: resolv.conf: nameserver 141.57.1.94
01:09:05.704072 dns-monitor NAT: resolv.conf: nameserver 141.57.1.6
01:09:05.704088 dns-monitor HostDnsMonitor: updating information
01:09:05.704093 dns-monitor HostDnsMonitor: old information
01:09:05.704097 dns-monitor   no server entries
01:09:05.704101 dns-monitor   no domain set
01:09:05.704104 dns-monitor   no search string entries
01:09:05.704107 dns-monitor HostDnsMonitor: new information
01:09:05.704109 dns-monitor   server 1: 141.57.1.94
01:09:05.704112 dns-monitor   server 2: 141.57.1.6
01:09:05.704115 dns-monitor   domain: htwk-leipzig.de
01:09:05.704117 dns-monitor   search string 1: htwk-leipzig.de
01:35:15.351443 nspr-7   Saving settings file "/home/ghertel/dev/kali-linux-2023.1-virtualbox-amd64/kali-linux-2023.1-virtualbox-amd64.vbox" with version "1.19-linux"
01:35:15.355655 nspr-7   Finished saving settings file "/home/ghertel/dev/kali-linux-2023.1-virtualbox-amd64/kali-linux-2023.1-virtualbox-amd64.vbox"
01:35:15.360173 nspr-8   Saving settings file "/home/ghertel/dev/kali-linux-2023.1-virtualbox-amd64/kali-linux-2023.1-virtualbox-amd64.vbox" with version "1.19-linux"
01:35:15.363533 nspr-8   Finished saving settings file "/home/ghertel/dev/kali-linux-2023.1-virtualbox-amd64/kali-linux-2023.1-virtualbox-amd64.vbox"
01:35:15.375239 nspr-8   ERROR [COM]: aRC=VBOX_E_INVALID_VM_STATE (0x80bb0002) aIID={300763af-5d6b-46e6-aa96-273eac15538a} aComponent={MachineWrap} aText={The machine is not mutable (state is Running)}, preserve=false aResultDetail=0
01:36:01.860042 nspr-11  Saving settings file "/home/ghertel/dev/kali-linux-2023.1-virtualbox-amd64/kali-linux-2023.1-virtualbox-amd64.vbox" with version "1.19-linux"
01:36:01.864969 nspr-11  Finished saving settings file "/home/ghertel/dev/kali-linux-2023.1-virtualbox-amd64/kali-linux-2023.1-virtualbox-amd64.vbox"
01:36:01.880334 nspr-10  ERROR [COM]: aRC=VBOX_E_INVALID_VM_STATE (0x80bb0002) aIID={300763af-5d6b-46e6-aa96-273eac15538a} aComponent={MachineWrap} aText={The machine is not mutable (state is Running)}, preserve=false aResultDetail=0
01:36:02.577365 nspr-6   Saving settings file "/home/ghertel/dev/kali-linux-2023.1-virtualbox-amd64/kali-linux-2023.1-virtualbox-amd64.vbox" with version "1.19-linux"
01:36:02.580738 nspr-6   Finished saving settings file "/home/ghertel/dev/kali-linux-2023.1-virtualbox-amd64/kali-linux-2023.1-virtualbox-amd64.vbox"
01:36:02.586241 nspr-8   Saving settings file "/home/ghertel/dev/kali-linux-2023.1-virtualbox-amd64/kali-linux-2023.1-virtualbox-amd64.vbox" with version "1.19-linux"
01:36:02.589892 nspr-8   Finished saving settings file "/home/ghertel/dev/kali-linux-2023.1-virtualbox-amd64/kali-linux-2023.1-virtualbox-amd64.vbox"
01:36:02.593688 nspr-7   ERROR [COM]: aRC=VBOX_E_INVALID_VM_STATE (0x80bb0002) aIID={300763af-5d6b-46e6-aa96-273eac15538a} aComponent={MachineWrap} aText={The machine is not mutable (state is Running)}, preserve=false aResultDetail=0
01:36:02.600975 nspr-4   ERROR [COM]: aRC=VBOX_E_INVALID_VM_STATE (0x80bb0002) aIID={300763af-5d6b-46e6-aa96-273eac15538a} aComponent={MachineWrap} aText={The machine is not mutable (state is Running)}, preserve=false aResultDetail=0
01:36:27.701223 nspr-4   Saving settings file "/home/ghertel/dev/kali-linux-2023.1-virtualbox-amd64/kali-linux-2023.1-virtualbox-amd64.vbox" with version "1.19-linux"
01:36:27.706115 nspr-4   Finished saving settings file "/home/ghertel/dev/kali-linux-2023.1-virtualbox-amd64/kali-linux-2023.1-virtualbox-amd64.vbox"
01:36:27.717666 nspr-7   ERROR [COM]: aRC=VBOX_E_INVALID_VM_STATE (0x80bb0002) aIID={300763af-5d6b-46e6-aa96-273eac15538a} aComponent={MachineWrap} aText={The machine is not mutable (state is Running)}, preserve=false aResultDetail=0
01:36:27.790928 nspr-4   Saving settings file "/home/ghertel/dev/kali-linux-2023.1-virtualbox-amd64/kali-linux-2023.1-virtualbox-amd64.vbox" with version "1.19-linux"
01:36:27.794566 nspr-4   Finished saving settings file "/home/ghertel/dev/kali-linux-2023.1-virtualbox-amd64/kali-linux-2023.1-virtualbox-amd64.vbox"
01:36:27.806659 nspr-11  ERROR [COM]: aRC=VBOX_E_INVALID_VM_STATE (0x80bb0002) aIID={300763af-5d6b-46e6-aa96-273eac15538a} aComponent={MachineWrap} aText={The machine is not mutable (state is Running)}, preserve=false aResultDetail=0
01:36:27.816981 nspr-7   Saving settings file "/home/ghertel/dev/kali-linux-2023.1-virtualbox-amd64/kali-linux-2023.1-virtualbox-amd64.vbox" with version "1.19-linux"
01:36:27.821965 nspr-7   Finished saving settings file "/home/ghertel/dev/kali-linux-2023.1-virtualbox-amd64/kali-linux-2023.1-virtualbox-amd64.vbox"
01:36:27.834450 nspr-4   ERROR [COM]: aRC=VBOX_E_INVALID_VM_STATE (0x80bb0002) aIID={300763af-5d6b-46e6-aa96-273eac15538a} aComponent={MachineWrap} aText={The machine is not mutable (state is Running)}, preserve=false aResultDetail=0
01:36:27.854454 nspr-2   Saving settings file "/home/ghertel/dev/kali-linux-2023.1-virtualbox-amd64/kali-linux-2023.1-virtualbox-amd64.vbox" with version "1.19-linux"
01:36:27.858017 nspr-2   Finished saving settings file "/home/ghertel/dev/kali-linux-2023.1-virtualbox-amd64/kali-linux-2023.1-virtualbox-amd64.vbox"
01:36:27.878857 nspr-2   ERROR [COM]: aRC=VBOX_E_INVALID_VM_STATE (0x80bb0002) aIID={300763af-5d6b-46e6-aa96-273eac15538a} aComponent={MachineWrap} aText={The machine is not mutable (state is Running)}, preserve=false aResultDetail=0
01:36:27.883076 nspr-4   Saving settings file "/home/ghertel/dev/kali-linux-2023.1-virtualbox-amd64/kali-linux-2023.1-virtualbox-amd64.vbox" with version "1.19-linux"
01:36:27.886740 nspr-4   Finished saving settings file "/home/ghertel/dev/kali-linux-2023.1-virtualbox-amd64/kali-linux-2023.1-virtualbox-amd64.vbox"
01:36:27.897229 nspr-5   ERROR [COM]: aRC=VBOX_E_INVALID_VM_STATE (0x80bb0002) aIID={300763af-5d6b-46e6-aa96-273eac15538a} aComponent={MachineWrap} aText={The machine is not mutable (state is Running)}, preserve=false aResultDetail=0
01:36:27.913516 nspr-7   Saving settings file "/home/ghertel/dev/kali-linux-2023.1-virtualbox-amd64/kali-linux-2023.1-virtualbox-amd64.vbox" with version "1.19-linux"
01:36:27.916745 nspr-7   Finished saving settings file "/home/ghertel/dev/kali-linux-2023.1-virtualbox-amd64/kali-linux-2023.1-virtualbox-amd64.vbox"
01:36:27.929757 nspr-6   ERROR [COM]: aRC=VBOX_E_INVALID_VM_STATE (0x80bb0002) aIID={300763af-5d6b-46e6-aa96-273eac15538a} aComponent={MachineWrap} aText={The machine is not mutable (state is Running)}, preserve=false aResultDetail=0
01:36:27.944930 nspr-10  Saving settings file "/home/ghertel/dev/kali-linux-2023.1-virtualbox-amd64/kali-linux-2023.1-virtualbox-amd64.vbox" with version "1.19-linux"
01:36:27.948581 nspr-10  Finished saving settings file "/home/ghertel/dev/kali-linux-2023.1-virtualbox-amd64/kali-linux-2023.1-virtualbox-amd64.vbox"
01:36:27.972588 nspr-2   ERROR [COM]: aRC=VBOX_E_INVALID_VM_STATE (0x80bb0002) aIID={300763af-5d6b-46e6-aa96-273eac15538a} aComponent={MachineWrap} aText={The machine is not mutable (state is Running)}, preserve=false aResultDetail=0
01:36:27.979736 nspr-5   Saving settings file "/home/ghertel/dev/kali-linux-2023.1-virtualbox-amd64/kali-linux-2023.1-virtualbox-amd64.vbox" with version "1.19-linux"
01:36:27.983305 nspr-5   Finished saving settings file "/home/ghertel/dev/kali-linux-2023.1-virtualbox-amd64/kali-linux-2023.1-virtualbox-amd64.vbox"
01:36:27.995015 nspr-2   ERROR [COM]: aRC=VBOX_E_INVALID_VM_STATE (0x80bb0002) aIID={300763af-5d6b-46e6-aa96-273eac15538a} aComponent={MachineWrap} aText={The machine is not mutable (state is Running)}, preserve=false aResultDetail=0
01:36:28.089206 nspr-8   Saving settings file "/home/ghertel/dev/kali-linux-2023.1-virtualbox-amd64/kali-linux-2023.1-virtualbox-amd64.vbox" with version "1.19-linux"
01:36:28.092775 nspr-8   Finished saving settings file "/home/ghertel/dev/kali-linux-2023.1-virtualbox-amd64/kali-linux-2023.1-virtualbox-amd64.vbox"
01:36:28.110195 nspr-2   ERROR [COM]: aRC=VBOX_E_INVALID_VM_STATE (0x80bb0002) aIID={300763af-5d6b-46e6-aa96-273eac15538a} aComponent={MachineWrap} aText={The machine is not mutable (state is Running)}, preserve=false aResultDetail=0
01:36:28.112377 nspr-8   Saving settings file "/home/ghertel/dev/kali-linux-2023.1-virtualbox-amd64/kali-linux-2023.1-virtualbox-amd64.vbox" with version "1.19-linux"
01:36:28.116090 nspr-8   Finished saving settings file "/home/ghertel/dev/kali-linux-2023.1-virtualbox-amd64/kali-linux-2023.1-virtualbox-amd64.vbox"
01:36:28.130966 nspr-11  ERROR [COM]: aRC=VBOX_E_INVALID_VM_STATE (0x80bb0002) aIID={300763af-5d6b-46e6-aa96-273eac15538a} aComponent={MachineWrap} aText={The machine is not mutable (state is Running)}, preserve=false aResultDetail=0
01:36:28.146102 nspr-5   Saving settings file "/home/ghertel/dev/kali-linux-2023.1-virtualbox-amd64/kali-linux-2023.1-virtualbox-amd64.vbox" with version "1.19-linux"
01:36:28.149619 nspr-5   Finished saving settings file "/home/ghertel/dev/kali-linux-2023.1-virtualbox-amd64/kali-linux-2023.1-virtualbox-amd64.vbox"
01:36:28.162742 nspr-8   ERROR [COM]: aRC=VBOX_E_INVALID_VM_STATE (0x80bb0002) aIID={300763af-5d6b-46e6-aa96-273eac15538a} aComponent={MachineWrap} aText={The machine is not mutable (state is Running)}, preserve=false aResultDetail=0
01:36:28.187833 nspr-2   Saving settings file "/home/ghertel/dev/kali-linux-2023.1-virtualbox-amd64/kali-linux-2023.1-virtualbox-amd64.vbox" with version "1.19-linux"
01:36:28.191305 nspr-2   Finished saving settings file "/home/ghertel/dev/kali-linux-2023.1-virtualbox-amd64/kali-linux-2023.1-virtualbox-amd64.vbox"
01:36:28.205525 nspr-7   ERROR [COM]: aRC=VBOX_E_INVALID_VM_STATE (0x80bb0002) aIID={300763af-5d6b-46e6-aa96-273eac15538a} aComponent={MachineWrap} aText={The machine is not mutable (state is Running)}, preserve=false aResultDetail=0
01:36:28.212488 nspr-5   Saving settings file "/home/ghertel/dev/kali-linux-2023.1-virtualbox-amd64/kali-linux-2023.1-virtualbox-amd64.vbox" with version "1.19-linux"
01:36:28.216054 nspr-5   Finished saving settings file "/home/ghertel/dev/kali-linux-2023.1-virtualbox-amd64/kali-linux-2023.1-virtualbox-amd64.vbox"
01:36:28.230330 nspr-6   ERROR [COM]: aRC=VBOX_E_INVALID_VM_STATE (0x80bb0002) aIID={300763af-5d6b-46e6-aa96-273eac15538a} aComponent={MachineWrap} aText={The machine is not mutable (state is Running)}, preserve=false aResultDetail=0
01:36:28.303390 nspr-6   Saving settings file "/home/ghertel/dev/kali-linux-2023.1-virtualbox-amd64/kali-linux-2023.1-virtualbox-amd64.vbox" with version "1.19-linux"
01:36:28.308494 nspr-6   Finished saving settings file "/home/ghertel/dev/kali-linux-2023.1-virtualbox-amd64/kali-linux-2023.1-virtualbox-amd64.vbox"
01:36:28.327168 nspr-2   ERROR [COM]: aRC=VBOX_E_INVALID_VM_STATE (0x80bb0002) aIID={300763af-5d6b-46e6-aa96-273eac15538a} aComponent={MachineWrap} aText={The machine is not mutable (state is Running)}, preserve=false aResultDetail=0
01:36:28.336893 nspr-10  Saving settings file "/home/ghertel/dev/kali-linux-2023.1-virtualbox-amd64/kali-linux-2023.1-virtualbox-amd64.vbox" with version "1.19-linux"
01:36:28.340469 nspr-10  Finished saving settings file "/home/ghertel/dev/kali-linux-2023.1-virtualbox-amd64/kali-linux-2023.1-virtualbox-amd64.vbox"
01:36:28.356320 nspr-10  ERROR [COM]: aRC=VBOX_E_INVALID_VM_STATE (0x80bb0002) aIID={300763af-5d6b-46e6-aa96-273eac15538a} aComponent={MachineWrap} aText={The machine is not mutable (state is Running)}, preserve=false aResultDetail=0
01:36:28.365959 nspr-10  Saving settings file "/home/ghertel/dev/kali-linux-2023.1-virtualbox-amd64/kali-linux-2023.1-virtualbox-amd64.vbox" with version "1.19-linux"
01:36:28.369811 nspr-10  Finished saving settings file "/home/ghertel/dev/kali-linux-2023.1-virtualbox-amd64/kali-linux-2023.1-virtualbox-amd64.vbox"
01:36:28.382045 nspr-6   ERROR [COM]: aRC=VBOX_E_INVALID_VM_STATE (0x80bb0002) aIID={300763af-5d6b-46e6-aa96-273eac15538a} aComponent={MachineWrap} aText={The machine is not mutable (state is Running)}, preserve=false aResultDetail=0
01:36:28.390016 nspr-10  Saving settings file "/home/ghertel/dev/kali-linux-2023.1-virtualbox-amd64/kali-linux-2023.1-virtualbox-amd64.vbox" with version "1.19-linux"
01:36:28.393671 nspr-10  Finished saving settings file "/home/ghertel/dev/kali-linux-2023.1-virtualbox-amd64/kali-linux-2023.1-virtualbox-amd64.vbox"
01:36:28.417128 nspr-11  ERROR [COM]: aRC=VBOX_E_INVALID_VM_STATE (0x80bb0002) aIID={300763af-5d6b-46e6-aa96-273eac15538a} aComponent={MachineWrap} aText={The machine is not mutable (state is Running)}, preserve=false aResultDetail=0
01:36:28.432709 nspr-8   Saving settings file "/home/ghertel/dev/kali-linux-2023.1-virtualbox-amd64/kali-linux-2023.1-virtualbox-amd64.vbox" with version "1.19-linux"
01:36:28.436550 nspr-8   Finished saving settings file "/home/ghertel/dev/kali-linux-2023.1-virtualbox-amd64/kali-linux-2023.1-virtualbox-amd64.vbox"
01:36:28.451784 nspr-9   Saving settings file "/home/ghertel/dev/kali-linux-2023.1-virtualbox-amd64/kali-linux-2023.1-virtualbox-amd64.vbox" with version "1.19-linux"
01:36:28.456846 nspr-9   Finished saving settings file "/home/ghertel/dev/kali-linux-2023.1-virtualbox-amd64/kali-linux-2023.1-virtualbox-amd64.vbox"
01:36:28.456941 nspr-11  ERROR [COM]: aRC=VBOX_E_INVALID_VM_STATE (0x80bb0002) aIID={300763af-5d6b-46e6-aa96-273eac15538a} aComponent={MachineWrap} aText={The machine is not mutable (state is Running)}, preserve=false aResultDetail=0
01:36:28.470658 nspr-2   ERROR [COM]: aRC=VBOX_E_INVALID_VM_STATE (0x80bb0002) aIID={300763af-5d6b-46e6-aa96-273eac15538a} aComponent={MachineWrap} aText={The machine is not mutable (state is Running)}, preserve=false aResultDetail=0
01:36:28.750583 nspr-7   Saving settings file "/home/ghertel/dev/kali-linux-2023.1-virtualbox-amd64/kali-linux-2023.1-virtualbox-amd64.vbox" with version "1.19-linux"
01:36:28.754543 nspr-7   Finished saving settings file "/home/ghertel/dev/kali-linux-2023.1-virtualbox-amd64/kali-linux-2023.1-virtualbox-amd64.vbox"
01:36:28.763671 nspr-7   ERROR [COM]: aRC=VBOX_E_INVALID_VM_STATE (0x80bb0002) aIID={300763af-5d6b-46e6-aa96-273eac15538a} aComponent={MachineWrap} aText={The machine is not mutable (state is Running)}, preserve=false aResultDetail=0
01:41:34.983257 nspr-6   Saving settings file "/home/ghertel/dev/kali-linux-2023.1-virtualbox-amd64/kali-linux-2023.1-virtualbox-amd64.vbox" with version "1.19-linux"
01:41:34.988343 nspr-6   Finished saving settings file "/home/ghertel/dev/kali-linux-2023.1-virtualbox-amd64/kali-linux-2023.1-virtualbox-amd64.vbox"
01:41:35.002103 nspr-7   ERROR [COM]: aRC=VBOX_E_INVALID_VM_STATE (0x80bb0002) aIID={300763af-5d6b-46e6-aa96-273eac15538a} aComponent={MachineWrap} aText={The machine is not mutable (state is Running)}, preserve=false aResultDetail=0
01:41:35.177168 nspr-7   Saving settings file "/home/ghertel/dev/kali-linux-2023.1-virtualbox-amd64/kali-linux-2023.1-virtualbox-amd64.vbox" with version "1.19-linux"
01:41:35.180621 nspr-7   Finished saving settings file "/home/ghertel/dev/kali-linux-2023.1-virtualbox-amd64/kali-linux-2023.1-virtualbox-amd64.vbox"
01:41:35.194891 nspr-11  ERROR [COM]: aRC=VBOX_E_INVALID_VM_STATE (0x80bb0002) aIID={300763af-5d6b-46e6-aa96-273eac15538a} aComponent={MachineWrap} aText={The machine is not mutable (state is Running)}, preserve=false aResultDetail=0
01:41:35.199317 nspr-5   Saving settings file "/home/ghertel/dev/kali-linux-2023.1-virtualbox-amd64/kali-linux-2023.1-virtualbox-amd64.vbox" with version "1.19-linux"
01:41:35.203066 nspr-5   Finished saving settings file "/home/ghertel/dev/kali-linux-2023.1-virtualbox-amd64/kali-linux-2023.1-virtualbox-amd64.vbox"
01:41:35.217660 nspr-2   ERROR [COM]: aRC=VBOX_E_INVALID_VM_STATE (0x80bb0002) aIID={300763af-5d6b-46e6-aa96-273eac15538a} aComponent={MachineWrap} aText={The machine is not mutable (state is Running)}, preserve=false aResultDetail=0
01:41:35.492317 nspr-8   Saving settings file "/home/ghertel/dev/kali-linux-2023.1-virtualbox-amd64/kali-linux-2023.1-virtualbox-amd64.vbox" with version "1.19-linux"
01:41:35.496156 nspr-8   Finished saving settings file "/home/ghertel/dev/kali-linux-2023.1-virtualbox-amd64/kali-linux-2023.1-virtualbox-amd64.vbox"
01:41:35.506551 nspr-10  ERROR [COM]: aRC=VBOX_E_INVALID_VM_STATE (0x80bb0002) aIID={300763af-5d6b-46e6-aa96-273eac15538a} aComponent={MachineWrap} aText={The machine is not mutable (state is Running)}, preserve=false aResultDetail=0
01:41:35.556669 nspr-10  Saving settings file "/home/ghertel/dev/kali-linux-2023.1-virtualbox-amd64/kali-linux-2023.1-virtualbox-amd64.vbox" with version "1.19-linux"
01:41:35.560292 nspr-10  Finished saving settings file "/home/ghertel/dev/kali-linux-2023.1-virtualbox-amd64/kali-linux-2023.1-virtualbox-amd64.vbox"
01:41:35.571516 nspr-5   ERROR [COM]: aRC=VBOX_E_INVALID_VM_STATE (0x80bb0002) aIID={300763af-5d6b-46e6-aa96-273eac15538a} aComponent={MachineWrap} aText={The machine is not mutable (state is Running)}, preserve=false aResultDetail=0
01:49:46.304795 nspr-5   NetIfAdpCtlOut: VBoxNetAdpCtl: Error while retrieving link speed for wlan0: VBoxNetAdpCtl: ioctl failed: Operation not supported
01:49:46.316813 nspr-6   NetIfAdpCtlOut: VBoxNetAdpCtl: Error while retrieving link speed for wlan0: VBoxNetAdpCtl: ioctl failed: Operation not supported
01:49:53.810395 nspr-10  ERROR [COM]: aRC=VBOX_E_INVALID_VM_STATE (0x80bb0002) aIID={300763af-5d6b-46e6-aa96-273eac15538a} aComponent={SessionMachine} aText={The machine is not mutable (state is Running)}, preserve=false aResultDetail=0
01:49:53.826567 nspr-4   NetIfAdpCtlOut: VBoxNetAdpCtl: Error while retrieving link speed for wlan0: VBoxNetAdpCtl: ioctl failed: Operation not supported
01:49:53.837256 nspr-4   NetIfAdpCtlOut: VBoxNetAdpCtl: Error while retrieving link speed for wlan0: VBoxNetAdpCtl: ioctl failed: Operation not supported
01:49:59.429072 nspr-10  Saving settings file "/home/ghertel/dev/kali-linux-2023.1-virtualbox-amd64/kali-linux-2023.1-virtualbox-amd64.vbox" with version "1.19-linux"
01:49:59.434901 nspr-10  Finished saving settings file "/home/ghertel/dev/kali-linux-2023.1-virtualbox-amd64/kali-linux-2023.1-virtualbox-amd64.vbox"
01:49:59.462584 nspr-10  ERROR [COM]: aRC=VBOX_E_INVALID_VM_STATE (0x80bb0002) aIID={300763af-5d6b-46e6-aa96-273eac15538a} aComponent={MachineWrap} aText={The machine is not mutable (state is Running)}, preserve=false aResultDetail=0
02:00:16.375415 nspr-3   Saving settings file "/home/ghertel/dev/kali-linux-2023.1-virtualbox-amd64/kali-linux-2023.1-virtualbox-amd64.vbox" with version "1.19-linux"
02:00:16.379666 nspr-3   Finished saving settings file "/home/ghertel/dev/kali-linux-2023.1-virtualbox-amd64/kali-linux-2023.1-virtualbox-amd64.vbox"
02:00:16.389077 nspr-7   Saving settings file "/home/ghertel/dev/kali-linux-2023.1-virtualbox-amd64/kali-linux-2023.1-virtualbox-amd64.vbox" with version "1.19-linux"
02:00:16.392809 nspr-7   Finished saving settings file "/home/ghertel/dev/kali-linux-2023.1-virtualbox-amd64/kali-linux-2023.1-virtualbox-amd64.vbox"
02:00:16.398453 nspr-9   ERROR [COM]: aRC=VBOX_E_INVALID_VM_STATE (0x80bb0002) aIID={300763af-5d6b-46e6-aa96-273eac15538a} aComponent={MachineWrap} aText={The machine is not mutable (state is Running)}, preserve=false aResultDetail=0
02:00:16.407166 nspr-9   ERROR [COM]: aRC=VBOX_E_INVALID_VM_STATE (0x80bb0002) aIID={300763af-5d6b-46e6-aa96-273eac15538a} aComponent={MachineWrap} aText={The machine is not mutable (state is Running)}, preserve=false aResultDetail=0
02:17:23.107530 nspr-8   Saving settings file "/home/ghertel/dev/kali-linux-2023.1-virtualbox-amd64/kali-linux-2023.1-virtualbox-amd64.vbox" with version "1.19-linux"
02:17:23.111913 nspr-8   Finished saving settings file "/home/ghertel/dev/kali-linux-2023.1-virtualbox-amd64/kali-linux-2023.1-virtualbox-amd64.vbox"
02:17:23.123703 nspr-2   ERROR [COM]: aRC=VBOX_E_INVALID_VM_STATE (0x80bb0002) aIID={300763af-5d6b-46e6-aa96-273eac15538a} aComponent={MachineWrap} aText={The machine is not mutable (state is Running)}, preserve=false aResultDetail=0
02:17:23.551955 nspr-7   Saving settings file "/home/ghertel/dev/kali-linux-2023.1-virtualbox-amd64/kali-linux-2023.1-virtualbox-amd64.vbox" with version "1.19-linux"
02:17:23.556444 nspr-7   Finished saving settings file "/home/ghertel/dev/kali-linux-2023.1-virtualbox-amd64/kali-linux-2023.1-virtualbox-amd64.vbox"
02:17:23.561586 nspr-6   Saving settings file "/home/ghertel/dev/kali-linux-2023.1-virtualbox-amd64/kali-linux-2023.1-virtualbox-amd64.vbox" with version "1.19-linux"
02:17:23.565051 nspr-6   Finished saving settings file "/home/ghertel/dev/kali-linux-2023.1-virtualbox-amd64/kali-linux-2023.1-virtualbox-amd64.vbox"
02:17:23.580954 nspr-3   ERROR [COM]: aRC=VBOX_E_INVALID_VM_STATE (0x80bb0002) aIID={300763af-5d6b-46e6-aa96-273eac15538a} aComponent={MachineWrap} aText={The machine is not mutable (state is Running)}, preserve=false aResultDetail=0
02:17:32.981318 nspr-8   Saving settings file "/home/ghertel/dev/kali-linux-2023.1-virtualbox-amd64/kali-linux-2023.1-virtualbox-amd64.vbox" with version "1.19-linux"
02:17:32.985544 nspr-8   Finished saving settings file "/home/ghertel/dev/kali-linux-2023.1-virtualbox-amd64/kali-linux-2023.1-virtualbox-amd64.vbox"
02:17:32.999418 nspr-5   ERROR [COM]: aRC=VBOX_E_INVALID_VM_STATE (0x80bb0002) aIID={300763af-5d6b-46e6-aa96-273eac15538a} aComponent={MachineWrap} aText={The machine is not mutable (state is Running)}, preserve=false aResultDetail=0
02:17:33.157859 nspr-3   Saving settings file "/home/ghertel/dev/kali-linux-2023.1-virtualbox-amd64/kali-linux-2023.1-virtualbox-amd64.vbox" with version "1.19-linux"
02:17:33.161294 nspr-3   Finished saving settings file "/home/ghertel/dev/kali-linux-2023.1-virtualbox-amd64/kali-linux-2023.1-virtualbox-amd64.vbox"
02:17:33.171094 nspr-9   ERROR [COM]: aRC=VBOX_E_INVALID_VM_STATE (0x80bb0002) aIID={300763af-5d6b-46e6-aa96-273eac15538a} aComponent={MachineWrap} aText={The machine is not mutable (state is Running)}, preserve=false aResultDetail=0
02:28:41.350646 nspr-8   Saving settings file "/home/ghertel/dev/kali-linux-2023.1-virtualbox-amd64/kali-linux-2023.1-virtualbox-amd64.vbox" with version "1.19-linux"
02:28:41.355395 nspr-8   Finished saving settings file "/home/ghertel/dev/kali-linux-2023.1-virtualbox-amd64/kali-linux-2023.1-virtualbox-amd64.vbox"
02:28:41.364721 nspr-3   ERROR [COM]: aRC=VBOX_E_INVALID_VM_STATE (0x80bb0002) aIID={300763af-5d6b-46e6-aa96-273eac15538a} aComponent={MachineWrap} aText={The machine is not mutable (state is Running)}, preserve=false aResultDetail=0
02:28:41.366821 nspr-10  Saving settings file "/home/ghertel/dev/kali-linux-2023.1-virtualbox-amd64/kali-linux-2023.1-virtualbox-amd64.vbox" with version "1.19-linux"
02:28:41.370355 nspr-10  Finished saving settings file "/home/ghertel/dev/kali-linux-2023.1-virtualbox-amd64/kali-linux-2023.1-virtualbox-amd64.vbox"
02:28:41.381111 nspr-2   ERROR [COM]: aRC=VBOX_E_INVALID_VM_STATE (0x80bb0002) aIID={300763af-5d6b-46e6-aa96-273eac15538a} aComponent={MachineWrap} aText={The machine is not mutable (state is Running)}, preserve=false aResultDetail=0
02:36:34.698733 nspr-5   Saving settings file "/home/ghertel/dev/kali-linux-2023.1-virtualbox-amd64/kali-linux-2023.1-virtualbox-amd64.vbox" with version "1.19-linux"
02:36:34.703586 nspr-5   Finished saving settings file "/home/ghertel/dev/kali-linux-2023.1-virtualbox-amd64/kali-linux-2023.1-virtualbox-amd64.vbox"
02:36:34.717429 nspr-5   ERROR [COM]: aRC=VBOX_E_INVALID_VM_STATE (0x80bb0002) aIID={300763af-5d6b-46e6-aa96-273eac15538a} aComponent={MachineWrap} aText={The machine is not mutable (state is Running)}, preserve=false aResultDetail=0
02:36:35.225041 nspr-8   Saving settings file "/home/ghertel/dev/kali-linux-2023.1-virtualbox-amd64/kali-linux-2023.1-virtualbox-amd64.vbox" with version "1.19-linux"
02:36:35.229929 nspr-8   Finished saving settings file "/home/ghertel/dev/kali-linux-2023.1-virtualbox-amd64/kali-linux-2023.1-virtualbox-amd64.vbox"
02:36:35.241829 nspr-2   Saving settings file "/home/ghertel/dev/kali-linux-2023.1-virtualbox-amd64/kali-linux-2023.1-virtualbox-amd64.vbox" with version "1.19-linux"
02:36:35.246920 nspr-2   Finished saving settings file "/home/ghertel/dev/kali-linux-2023.1-virtualbox-amd64/kali-linux-2023.1-virtualbox-amd64.vbox"
02:36:35.251922 nspr-4   ERROR [COM]: aRC=VBOX_E_INVALID_VM_STATE (0x80bb0002) aIID={300763af-5d6b-46e6-aa96-273eac15538a} aComponent={MachineWrap} aText={The machine is not mutable (state is Running)}, preserve=false aResultDetail=0
02:36:35.264933 nspr-2   ERROR [COM]: aRC=VBOX_E_INVALID_VM_STATE (0x80bb0002) aIID={300763af-5d6b-46e6-aa96-273eac15538a} aComponent={MachineWrap} aText={The machine is not mutable (state is Running)}, preserve=false aResultDetail=0
02:48:03.908075 nspr-9   ERROR [COM]: aRC=VBOX_E_INVALID_VM_STATE (0x80bb0002) aIID={300763af-5d6b-46e6-aa96-273eac15538a} aComponent={MachineWrap} aText={The machine is not mutable (state is Stopping)}, preserve=false aResultDetail=0
02:48:03.975658 nspr-9   Saving settings file "/home/ghertel/dev/kali-linux-2023.1-virtualbox-amd64/kali-linux-2023.1-virtualbox-amd64.vbox" with version "1.19-linux"
02:48:03.979857 nspr-9   Finished saving settings file "/home/ghertel/dev/kali-linux-2023.1-virtualbox-amd64/kali-linux-2023.1-virtualbox-amd64.vbox"
02:48:03.989600 nspr-8   ERROR [COM]: aRC=VBOX_E_INVALID_VM_STATE (0x80bb0002) aIID={300763af-5d6b-46e6-aa96-273eac15538a} aComponent={MachineWrap} aText={The machine is not mutable (state is PoweredOff)}, preserve=false aResultDetail=0
02:48:04.987607 nspr-2   ERROR [COM]: aRC=VBOX_E_INVALID_VM_STATE (0x80bb0002) aIID={300763af-5d6b-46e6-aa96-273eac15538a} aComponent={MachineWrap} aText={The machine is not mutable (state is PoweredOff)}, preserve=false aResultDetail=0
02:48:09.624091 nspr-5   ERROR [COM]: aRC=VBOX_E_INVALID_VM_STATE (0x80bb0002) aIID={300763af-5d6b-46e6-aa96-273eac15538a} aComponent={MachineWrap} aText={The machine is not mutable (state is PoweredOff)}, preserve=false aResultDetail=0
02:48:09.687015 nspr-6   Saving settings file "/home/ghertel/VirtualBox VMs/csec/csec.vbox" with version "1.19-linux"
02:48:09.690944 nspr-6   Finished saving settings file "/home/ghertel/VirtualBox VMs/csec/csec.vbox"
02:48:09.699329 nspr-7   ERROR [COM]: aRC=VBOX_E_INVALID_VM_STATE (0x80bb0002) aIID={300763af-5d6b-46e6-aa96-273eac15538a} aComponent={MachineWrap} aText={The machine is not mutable (state is PoweredOff)}, preserve=false aResultDetail=0
02:48:48.502724 main     VirtualBox: object deletion starts
02:48:48.502769 main     ERROR [COM]: aRC=VBOX_E_OBJECT_IN_USE (0x80bb000c) aIID={ad47ad09-787b-44ab-b343-a082a3f2dfb1} aComponent={MediumWrap} aText={Medium '/home/ghertel/dev/kali-linux-2023.1-virtualbox-amd64/kali-linux-2023.1-virtualbox-amd64.vdi' cannot be closed because it is still attached to 1 virtual machines}, preserve=false aResultDetail=0
02:48:48.503141 main     ERROR [COM]: aRC=VBOX_E_OBJECT_IN_USE (0x80bb000c) aIID={ad47ad09-787b-44ab-b343-a082a3f2dfb1} aComponent={MediumWrap} aText={Medium '/home/ghertel/VirtualBox VMs/csec/csec-disk001.vdi' cannot be closed because it is still attached to 1 virtual machines}, preserve=false aResultDetail=0
02:48:48.503338 main     NetworkServiceRunning: VBoxNetDHCP (pid 00000ead) stopped: iStatus=15 enmReason=3
02:48:48.503809 main     HostDnsMonitor: shutting down ...
02:48:48.515009 main     HostDnsMonitor: shut down
02:48:48.525648 Watcher  ERROR [COM]: aRC=E_ACCESSDENIED (0x80070005) aIID={7682d5eb-f00e-44f1-8ca2-99d08b1cd607} aComponent={VirtualBoxWrap} aText={The object is not ready}, preserve=false aResultDetail=0
02:48:48.525693 main     VirtualBox: object deleted
